<mission>
<name>Transterra</name>
<resources>
    <resource>
        <model>http://www.rock-robotics.org/2014/01/om-schema#Sherpa</model>
        <maxCardinality>100</maxCardinality>
    </resource>
    <resource>
        <model>http://www.rock-robotics.org/2014/01/om-schema#CREX</model>
        <maxCardinality>500</maxCardinality>
    </resource>
    <resource>
        <model>http://www.rock-robotics.org/2014/01/om-schema#Payload</model>
        <maxCardinality>100</maxCardinality>
    </resource>
</resources>
<requirements>
    <requirement>
        <spatial-requirement>
            <!-- where it is required -->
            <location>
                <id>l0</id>
            </location>
        </spatial-requirement>
        <temporal-requirement>
            <from>t0</from>
            <to>t1</to>
        </temporal-requirement>
        <service-requirement>
            <service>http://www.rock-robotics.org/2014/01/om-schema#LocationImageProvider</service>
            <!--<service>http://www.rock-robotics.org/2014/01/om-schema#EmiPowerProvider</service> -->
        </service-requirement>
    </requirement>
    <requirement>
        <spatial-requirement>
            <location>
                <id>l1</id>
            </location>
        </spatial-requirement>
        <temporal-requirement>
            <from>t0</from>
            <to>t1</to>
        </temporal-requirement>
        <service-requirement>
            <service>http://www.rock-robotics.org/2014/01/om-schema#LocationImageProvider</service>
            <service>http://www.rock-robotics.org/2014/01/om-schema#EmiPowerProvider</service>
        </service-requirement>
    </requirement>
    <requirement>
        <spatial-requirement>
            <location>
                <id>l2</id>
            </location>
        </spatial-requirement>
        <temporal-requirement>
            <from>t2</from>
            <to>t3</to>
        </temporal-requirement>
        <service-requirement>
            <service>http://www.rock-robotics.org/2014/01/om-schema#LocationImageProvider</service>
            <service>http://www.rock-robotics.org/2014/01/om-schema#EmiPowerProvider</service>
        </service-requirement>
    </requirement>
    <requirement>
        <spatial-requirement>
            <location>
                <id>l3</id>
            </location>
        </spatial-requirement>
        <temporal-requirement>
            <from>t2</from>
            <to>t3</to>
        </temporal-requirement>
        <service-requirement>
            <service>http://www.rock-robotics.org/2014/01/om-schema#LocationImageProvider</service>
            <service>http://www.rock-robotics.org/2014/01/om-schema#EmiPowerProvider</service>
        </service-requirement>
    </requirement>
    <requirement>
        <spatial-requirement>
            <location>
                <id>l4</id>
            </location>
        </spatial-requirement>
        <temporal-requirement>
            <from>t2</from>
            <to>t3</to>
        </temporal-requirement>
        <service-requirement>
            <service>http://www.rock-robotics.org/2014/01/om-schema#LocationImageProvider</service>
            <service>http://www.rock-robotics.org/2014/01/om-schema#EmiPowerProvider</service>
        </service-requirement>
    </requirement>
</requirements>
<constraints>
    <temporal-constraints>
        <greaterThan lval="t1" rval="t2" />
        <lessThan lval="t0" rval="t3" />
    </temporal-constraints>
</constraints>

</mission>


