<mission>
<name>Transterra</name>
<resources>
    <resource>
        <model>http://www.rock-robotics.org/2014/01/om-schema#Sherpa</model>
        <maxCardinality>2</maxCardinality>
    </resource>
    <resource>
        <model>http://www.rock-robotics.org/2014/01/om-schema#CREX</model>
        <maxCardinality>2</maxCardinality>
    </resource>
</resources>

<!-- information from ontology or model-based
<characteristics>
   <velocity>
       <min>0</avg>
       <max>10</avg>
       <avg>3</avg>
   </velocity>
   <energyEfficiency>...</energyEfficiency>
</characteristics>

<domain>
    <distance from="l0" to="l1">100</distance>
</domain>
-->

<requirements>
    <requirement>
        <spatial-requirement>
            <!-- where it is required -->
            <location>
                <id>l0</id>
            </location>
        </spatial-requirement>

        <!-- when it is required / mixing qualitative and quantitative
        information -->
        <temporal-requirement type="persistence-condition | event" >
            <from>t0</from>
            <to>t1</to>
        </temporal-requirement>

        <!-- what is required at this very position -->
        <service-requirement>
            <service>http://www.rock-robotics.org/2014/01/om-schema#LocationImageProvider</service>
            <service>http://www.rock-robotics.org/2014/01/om-schema#EmiPowerProvider</service>
        </service-requirement>
        <resource-requirement>
            <resource>
                <model>http://www.rock-robotics.org/2014/01/om-schema#CREX</model>
                <minCardinality>1</minCardinality>
            </resource>
        </resource-requirement>
    </requirement>
    <!-- other requirement -->
</requirements>
<constraints>
    <temporal-constraints>
        <lessThan lval="t0" rval="t1" />
        <equals lval="t1" rval="t2" />
        <lessOrEqual lval="t1" rval="t3" />
        <greaterOrEqual lval="t4" rval="t5" />
        <distinct lval="t4" rval="t5" />
    </temporal-constraints>
</constraints>

</mission>


